Arguments: 
  /home/oadmin/.nvm/versions/node/v10.15.3/bin/node /usr/share/yarn/bin/yarn.js

PATH: 
  /home/oadmin/.nvm/versions/node/v10.15.3/bin:/usr/local/sbin:/usr/local/bin:/usr/sbin:/usr/bin:/sbin:/bin:/usr/games:/usr/local/games:/snap/bin

Yarn version: 
  1.22.5

Node version: 
  10.15.3

Platform: 
  linux x64

Trace: 
  SyntaxError: /home/oadmin/Рабочий стол/www/package.json: Unexpected token / in JSON at position 294
      at JSON.parse (<anonymous>)
      at /usr/share/yarn/lib/cli.js:1625:59
      at Generator.next (<anonymous>)
      at step (/usr/share/yarn/lib/cli.js:310:30)
      at /usr/share/yarn/lib/cli.js:321:13

npm manifest: 
  {
    "name": "www",
    "version": "1.0.0",
    "description": "",
    "main": "index.js",
    "scripts": {
      "start": "electron ."
    },
    "author": "Denis Kasemirski",
    "license": "OPEN SOURCE",
    "dependencies": {
      "add": "^2.0.6",
      "electron": "^11.1.1",
      "google-spreadsheet": "^3.0.14",//
      "or": "^0.2.0",
      "yarn": "^1.22.10"
    },
    "devDependencies": {
      "electron-packager": "^15.2.0"
    }
  }

yarn manifest: 
  No manifest

Lockfile: 
  No lockfile
